<?xml version="1.0" encoding="UTF-8"?>
<!-- Generated by org.testng.reporters.JUnitXMLReporter -->
<testsuite hostname="Neses-MBP.home" ignored="0" name="Default test" tests="4" failures="0" timestamp="19 Mar 2020 05:27:09 GMT" time="29.1" errors="0">
  <testcase name="getTitle" time="0.161" classname="com.hubspot.tests.LoginPageTest"/>
  <testcase name="loginTest1" time="0.561" classname="com.hubspot.tests.LoginPageTest"/>
  <testcase name="loginTest2" time="0.489" classname="com.hubspot.tests.LoginPageTest"/>
  <testcase name="loginTest3" time="0.547" classname="com.hubspot.tests.LoginPageTest"/>
</testsuite> <!-- Default test -->
