<?xml version="1.0" encoding="UTF-8"?>
<testng-results skipped="0" failed="0" ignored="0" total="4" passed="4">
  <reporter-output>
  </reporter-output>
  <suite name="Default suite" duration-ms="29100" started-at="2020-03-19T05:26:40Z" finished-at="2020-03-19T05:27:09Z">
    <groups>
    </groups>
    <test name="Default test" duration-ms="29100" started-at="2020-03-19T05:26:40Z" finished-at="2020-03-19T05:27:09Z">
      <class name="com.hubspot.tests.LoginPageTest">
        <test-method status="PASS" signature="setUp()[pri:0, instance:com.hubspot.tests.LoginPageTest@158d255c]" name="setUp" is-config="true" duration-ms="7801" started-at="2020-03-19T05:26:40Z" finished-at="2020-03-19T05:26:47Z">
          <reporter-output>
          </reporter-output>
        </test-method> <!-- setUp -->
        <test-method status="PASS" signature="getTitle()[pri:1, instance:com.hubspot.tests.LoginPageTest@158d255c]" name="getTitle" duration-ms="161" started-at="2020-03-19T05:26:48Z" description="Hubspot Login get title" finished-at="2020-03-19T05:26:48Z">
          <reporter-output>
          </reporter-output>
        </test-method> <!-- getTitle -->
        <test-method status="PASS" signature="tearDown()[pri:0, instance:com.hubspot.tests.LoginPageTest@158d255c]" name="tearDown" is-config="true" duration-ms="93" started-at="2020-03-19T05:26:48Z" finished-at="2020-03-19T05:26:48Z">
          <reporter-output>
          </reporter-output>
        </test-method> <!-- tearDown -->
        <test-method status="PASS" signature="setUp()[pri:0, instance:com.hubspot.tests.LoginPageTest@158d255c]" name="setUp" is-config="true" duration-ms="6303" started-at="2020-03-19T05:26:48Z" finished-at="2020-03-19T05:26:54Z">
          <reporter-output>
          </reporter-output>
        </test-method> <!-- setUp -->
        <test-method status="PASS" signature="loginTest1()[pri:2, instance:com.hubspot.tests.LoginPageTest@158d255c]" name="loginTest1" duration-ms="561" started-at="2020-03-19T05:26:54Z" description="Login test using correct username and pasword" finished-at="2020-03-19T05:26:55Z">
          <reporter-output>
          </reporter-output>
        </test-method> <!-- loginTest1 -->
        <test-method status="PASS" signature="tearDown()[pri:0, instance:com.hubspot.tests.LoginPageTest@158d255c]" name="tearDown" is-config="true" duration-ms="86" started-at="2020-03-19T05:26:55Z" finished-at="2020-03-19T05:26:55Z">
          <reporter-output>
          </reporter-output>
        </test-method> <!-- tearDown -->
        <test-method status="PASS" signature="setUp()[pri:0, instance:com.hubspot.tests.LoginPageTest@158d255c]" name="setUp" is-config="true" duration-ms="6324" started-at="2020-03-19T05:26:55Z" finished-at="2020-03-19T05:27:01Z">
          <reporter-output>
          </reporter-output>
        </test-method> <!-- setUp -->
        <test-method status="PASS" signature="loginTest2()[pri:3, instance:com.hubspot.tests.LoginPageTest@158d255c]" name="loginTest2" duration-ms="489" started-at="2020-03-19T05:27:01Z" description="Login test using correct username and incorrect pasword" finished-at="2020-03-19T05:27:02Z">
          <reporter-output>
          </reporter-output>
        </test-method> <!-- loginTest2 -->
        <test-method status="PASS" signature="tearDown()[pri:0, instance:com.hubspot.tests.LoginPageTest@158d255c]" name="tearDown" is-config="true" duration-ms="91" started-at="2020-03-19T05:27:02Z" finished-at="2020-03-19T05:27:02Z">
          <reporter-output>
          </reporter-output>
        </test-method> <!-- tearDown -->
        <test-method status="PASS" signature="setUp()[pri:0, instance:com.hubspot.tests.LoginPageTest@158d255c]" name="setUp" is-config="true" duration-ms="6377" started-at="2020-03-19T05:27:02Z" finished-at="2020-03-19T05:27:08Z">
          <reporter-output>
          </reporter-output>
        </test-method> <!-- setUp -->
        <test-method status="PASS" signature="loginTest3()[pri:4, instance:com.hubspot.tests.LoginPageTest@158d255c]" name="loginTest3" duration-ms="547" started-at="2020-03-19T05:27:08Z" description="Login test using incorrect username and correct pasword" finished-at="2020-03-19T05:27:09Z">
          <reporter-output>
          </reporter-output>
        </test-method> <!-- loginTest3 -->
        <test-method status="PASS" signature="tearDown()[pri:0, instance:com.hubspot.tests.LoginPageTest@158d255c]" name="tearDown" is-config="true" duration-ms="91" started-at="2020-03-19T05:27:09Z" finished-at="2020-03-19T05:27:09Z">
          <reporter-output>
          </reporter-output>
        </test-method> <!-- tearDown -->
      </class> <!-- com.hubspot.tests.LoginPageTest -->
    </test> <!-- Default test -->
  </suite> <!-- Default suite -->
</testng-results>
